<?xml version="1.0" encoding="UTF-8"?>
<testng-results ignored="0" total="1" passed="1" failed="0" skipped="0">
  <reporter-output>
  </reporter-output>
  <suite started-at="2020-10-23T17:34:06 ICT" name="Default suite" finished-at="2020-10-23T17:35:15 ICT" duration-ms="68125">
    <groups>
    </groups>
    <test started-at="2020-10-23T17:34:06 ICT" name="Default test" finished-at="2020-10-23T17:35:15 ICT" duration-ms="68125">
      <class name="SeleniumWebDriverLocators_Part3.SeleniumWebDriverLocators_Part3">
        <test-method signature="Flickr()[pri:0, instance:SeleniumWebDriverLocators_Part3.SeleniumWebDriverLocators_Part3@6ab778a]" started-at="2020-10-23T17:34:06 ICT" name="Flickr" finished-at="2020-10-23T17:35:15 ICT" duration-ms="68093" status="PASS">
          <reporter-output>
          </reporter-output>
        </test-method> <!-- Flickr -->
      </class> <!-- SeleniumWebDriverLocators_Part3.SeleniumWebDriverLocators_Part3 -->
    </test> <!-- Default test -->
  </suite> <!-- Default suite -->
</testng-results>
