<?xml version="1.0" encoding="UTF-8"?>
<!-- Generated by org.testng.reporters.JUnitXMLReporter -->
<testsuite ignored="0" hostname="DESKTOP-LSKTBBQ" failures="0" tests="2" name="Default test" time="47.414" errors="0" timestamp="2020-10-23T18:54:00 ICT">
  <testcase classname="SeleniumWebDriverLocators_Part3.SeleniumWebDriverLocators_Part3" name="HomePageFlickr" time="37.261"/>
  <testcase classname="SeleniumWebDriverLocators_Part3.SeleniumWebDriverLocators_Part3" name="YouTool" time="10.11"/>
</testsuite> <!-- Default test -->
